2016-03-03 23:43:54,693 INFO  MainClass.java:43 - Start extract...
2016-03-03 23:43:54,701 INFO  Utils.java:87 - File Entry:	ARCCPT - Copie (2).properties
2016-03-03 23:43:54,701 INFO  Utils.java:87 - File Entry:	ARCCPT - Copie (3).properties
2016-03-03 23:43:54,701 INFO  Utils.java:87 - File Entry:	ARCCPT.properties
2016-03-03 23:43:54,703 INFO  Utils.java:87 - File Entry:	ARCSIG.properties
2016-03-03 23:43:54,897 INFO  Utils.java:87 - File Entry:	ARCCPT - Copie (2).properties
2016-03-03 23:43:54,898 INFO  Utils.java:87 - File Entry:	ARCCPT - Copie (3).properties
2016-03-03 23:43:54,898 INFO  Utils.java:87 - File Entry:	ARCCPT.properties
2016-03-03 23:43:54,898 INFO  Utils.java:87 - File Entry:	ARCSIG.properties
2016-03-03 23:43:54,899 INFO  ExcelManager.java:66 - Sheet name:  ARCCPT  Physical row number  3
2016-03-03 23:43:54,899 INFO  ExcelManager.java:107 - Start write request result to cell B2
2016-03-03 23:43:54,932 INFO  MainClass.java:77 - End extract....
2016-03-03 23:44:46,712 INFO  MainClass.java:43 - Start extract...
2016-03-03 23:44:46,726 INFO  Utils.java:87 - File Entry:	ARCCPT - Copie (2).properties
2016-03-03 23:44:46,726 INFO  Utils.java:87 - File Entry:	ARCCPT - Copie (3).properties
2016-03-03 23:44:46,726 INFO  Utils.java:87 - File Entry:	ARCCPT.properties
2016-03-03 23:44:46,729 INFO  Utils.java:87 - File Entry:	ARCSIG.properties
2016-03-03 23:44:46,979 INFO  Utils.java:87 - File Entry:	ARCCPT - Copie (2).properties
2016-03-03 23:44:46,979 INFO  Utils.java:87 - File Entry:	ARCCPT - Copie (3).properties
2016-03-03 23:44:46,980 INFO  Utils.java:87 - File Entry:	ARCCPT.properties
2016-03-03 23:44:46,980 INFO  Utils.java:87 - File Entry:	ARCSIG.properties
2016-03-03 23:45:58,329 INFO  MainClass.java:43 - Start extract...
2016-03-03 23:45:58,340 INFO  Utils.java:87 - File Entry:	ARCCPT - Copie (2).properties
2016-03-03 23:45:58,341 INFO  Utils.java:87 - File Entry:	ARCCPT - Copie (3).properties
2016-03-03 23:45:58,341 INFO  Utils.java:87 - File Entry:	ARCCPT.properties
2016-03-03 23:45:58,343 INFO  Utils.java:87 - File Entry:	ARCSIG.properties
2016-03-03 23:45:58,607 INFO  Utils.java:87 - File Entry:	ARCCPT - Copie (2).properties
2016-03-03 23:45:58,608 INFO  Utils.java:87 - File Entry:	ARCCPT - Copie (3).properties
2016-03-03 23:45:58,608 INFO  Utils.java:87 - File Entry:	ARCCPT.properties
2016-03-03 23:45:58,608 INFO  Utils.java:87 - File Entry:	ARCSIG.properties
2016-03-03 23:46:04,857 INFO  MainClass.java:43 - Start extract...
2016-03-03 23:46:04,865 INFO  Utils.java:87 - File Entry:	ARCCPT - Copie (2).properties
2016-03-03 23:46:04,866 INFO  Utils.java:87 - File Entry:	ARCCPT - Copie (3).properties
2016-03-03 23:46:04,866 INFO  Utils.java:87 - File Entry:	ARCCPT.properties
2016-03-03 23:46:04,868 INFO  Utils.java:87 - File Entry:	ARCSIG.properties
2016-03-03 23:46:05,063 INFO  Utils.java:87 - File Entry:	ARCCPT - Copie (2).properties
2016-03-03 23:46:05,064 INFO  Utils.java:87 - File Entry:	ARCCPT - Copie (3).properties
2016-03-03 23:46:05,064 INFO  Utils.java:87 - File Entry:	ARCCPT.properties
2016-03-03 23:46:05,064 INFO  Utils.java:87 - File Entry:	ARCSIG.properties
2016-03-03 23:46:05,065 INFO  ExcelManager.java:66 - Sheet name:  ARCCPT  Physical row number  3
2016-03-03 23:46:05,065 INFO  ExcelManager.java:107 - Start write request result to cell B2
2016-03-03 23:46:05,065 INFO  ExcelManager.java:66 - Sheet name:  ARCSIG  Physical row number  0
2016-03-03 23:46:05,065 INFO  ExcelManager.java:107 - Start write request result to cell B2
2016-03-03 23:47:02,379 INFO  MainClass.java:43 - Start extract...
2016-03-03 23:47:02,387 INFO  Utils.java:87 - File Entry:	ARCCPT - Copie (2).properties
2016-03-03 23:47:02,387 INFO  Utils.java:87 - File Entry:	ARCCPT - Copie (3).properties
2016-03-03 23:47:02,387 INFO  Utils.java:87 - File Entry:	ARCCPT.properties
2016-03-03 23:47:02,389 INFO  Utils.java:87 - File Entry:	ARCSIG.properties
2016-03-03 23:47:02,592 INFO  Utils.java:87 - File Entry:	ARCCPT - Copie (2).properties
2016-03-03 23:47:02,592 INFO  Utils.java:87 - File Entry:	ARCCPT - Copie (3).properties
2016-03-03 23:47:02,592 INFO  Utils.java:87 - File Entry:	ARCCPT.properties
2016-03-03 23:47:02,592 INFO  Utils.java:87 - File Entry:	ARCSIG.properties
2016-03-03 23:47:02,593 INFO  ExcelManager.java:66 - Sheet name:  ARCCPT  Physical row number  3
2016-03-03 23:47:02,593 INFO  ExcelManager.java:107 - Start write request result to cell B2
2016-03-03 23:47:02,593 INFO  ExcelManager.java:66 - Sheet name:  ARCSIG  Physical row number  0
2016-03-03 23:47:02,593 INFO  ExcelManager.java:107 - Start write request result to cell B2
2016-03-03 23:47:02,623 INFO  MainClass.java:77 - End extract....
2016-03-03 23:47:50,756 INFO  MainClass.java:43 - Start extract...
2016-03-03 23:47:50,764 INFO  Utils.java:87 - File Entry:	ARCCPT - Copie (2).properties
2016-03-03 23:47:50,764 INFO  Utils.java:87 - File Entry:	ARCCPT - Copie (3).properties
2016-03-03 23:47:50,764 INFO  Utils.java:87 - File Entry:	ARCCPT.properties
2016-03-03 23:47:50,766 INFO  Utils.java:87 - File Entry:	ARCSIG.properties
2016-03-03 23:47:50,978 INFO  Utils.java:87 - File Entry:	ARCCPT - Copie (2).properties
2016-03-03 23:47:50,978 INFO  Utils.java:87 - File Entry:	ARCCPT - Copie (3).properties
2016-03-03 23:47:50,979 INFO  Utils.java:87 - File Entry:	ARCCPT.properties
2016-03-03 23:47:50,979 INFO  Utils.java:87 - File Entry:	ARCSIG.properties
2016-03-03 23:47:50,979 INFO  ExcelManager.java:66 - Sheet name:  ARCCPT  Physical row number  3
2016-03-03 23:47:50,979 INFO  ExcelManager.java:107 - Start write request result to cell B2
2016-03-03 23:47:50,980 INFO  ExcelManager.java:66 - Sheet name:  ARCSIG  Physical row number  0
2016-03-03 23:47:50,980 INFO  ExcelManager.java:107 - Start write request result to cell B2
2016-03-03 23:47:51,008 INFO  MainClass.java:77 - End extract....
